<?xml version="1.0" encoding="UTF-8"?>
<!-- Generated by org.testng.reporters.JUnitReportReporter -->
<testsuite hostname="DESKTOP-RI1PC0O" failures="0" tests="1" name="helloworld.TestHelloWorld" time="0.003" errors="0" timestamp="2020-10-08T02:35:34 EDT" skipped="0">
  <testcase classname="helloworld.TestHelloWorld" name="testhelloworld" time="0.003"/>
  <system-out/>
</testsuite> <!-- helloworld.TestHelloWorld -->
