<?xml version="1.0" encoding="UTF-8"?>
<!-- Generated by org.testng.reporters.JUnitReportReporter -->
<testsuite hostname="DESKTOP-RI1PC0O" failures="0" tests="1" name="helloworld.TestHelloWorld" time="0.004" errors="0" timestamp="2020-10-12T13:02:22 EDT" skipped="0">
  <testcase classname="helloworld.TestHelloWorld" name="testhelloworld" time="0.004"/>
  <system-out/>
</testsuite> <!-- helloworld.TestHelloWorld -->
